#
# A fatal error has been detected by the Java Runtime Environment:
#
#  Internal Error (javaCalls.cpp:51), pid=13112, tid=0x000000000000542c
#  guarantee(thread->is_Java_thread()) failed: crucial check - the VM thread cannot and must not escape to Java code
#
# JRE version: Java(TM) SE Runtime Environment (8.0_131-b11) (build 1.8.0_131-b11)
# Java VM: Java HotSpot(TM) 64-Bit Server VM (25.131-b11 mixed mode windows-amd64 compressed oops)
# Failed to write core dump. Minidumps are not enabled by default on client versions of Windows
#
# If you would like to submit a bug report, please visit:
#   http://bugreport.java.com/bugreport/crash.jsp
#

---------------  T H R E A D  ---------------

Current thread (0x0000000008ffc000):  VMThread [stack: 0x000000000a130000,0x000000000a230000] [id=21548]

Stack: [0x000000000a130000,0x000000000a230000]
[error occurred during error reporting (printing stack bounds), id 0xc0000005]

Native frames: (J=compiled Java code, j=interpreted, Vv=VM code, C=native code)

VM_Operation (0x000000000b1ff160): GetOrSetLocal, mode: safepoint, requested by thread 0x000000000a41b800


---------------  P R O C E S S  ---------------

Java Threads: ( => current thread )
  0x000000000bfba800 JavaThread "TimerQueue" daemon [_thread_blocked, id=21128, stack(0x000000000e530000,0x000000000e630000)]
  0x0000000002289000 JavaThread "DestroyJavaVM" [_thread_blocked, id=19680, stack(0x0000000002fc0000,0x00000000030c0000)]
  0x000000000be98000 JavaThread "AWT-EventQueue-0" [_thread_blocked, id=11052, stack(0x000000000c9b0000,0x000000000cab0000)]
  0x000000000be92800 JavaThread "AWT-Windows" daemon [_thread_in_native, id=19008, stack(0x000000000b790000,0x000000000b890000)]
  0x000000000be7e800 JavaThread "AWT-Shutdown" [_thread_blocked, id=21632, stack(0x000000000b9b0000,0x000000000bab0000)]
  0x000000000be7d800 JavaThread "Java2D Disposer" daemon [_thread_blocked, id=15588, stack(0x000000000c6f0000,0x000000000c7f0000)]
  0x000000000a4bb800 JavaThread "Service Thread" daemon [_thread_blocked, id=21920, stack(0x000000000bb00000,0x000000000bc00000)]
  0x000000000a45f000 JavaThread "C1 CompilerThread2" daemon [_thread_blocked, id=16396, stack(0x000000000b8b0000,0x000000000b9b0000)]
  0x000000000a43a800 JavaThread "C2 CompilerThread1" daemon [_thread_blocked, id=22312, stack(0x000000000b690000,0x000000000b790000)]
  0x000000000a437000 JavaThread "C2 CompilerThread0" daemon [_thread_blocked, id=11996, stack(0x000000000b560000,0x000000000b660000)]
  0x000000000a41f800 JavaThread "JDWP Command Reader" daemon [_thread_in_native, id=12768, stack(0x000000000b400000,0x000000000b500000)]
  0x000000000906f000 JavaThread "JDWP Event Helper Thread" daemon [_thread_blocked, id=21656, stack(0x000000000b2c0000,0x000000000b3c0000)]
  0x000000000a41b800 JavaThread "JDWP Transport Listener: dt_socket" daemon [_thread_blocked, id=21896, stack(0x000000000b100000,0x000000000b200000)]
  0x000000000a412800 JavaThread "Attach Listener" daemon [_thread_blocked, id=21296, stack(0x000000000aa80000,0x000000000ab80000)]
  0x0000000009065800 JavaThread "Signal Dispatcher" daemon [_thread_blocked, id=21556, stack(0x000000000a8b0000,0x000000000a9b0000)]
  0x000000000904b000 JavaThread "Finalizer" daemon [_thread_blocked, id=11480, stack(0x000000000a310000,0x000000000a410000)]
  0x0000000009003800 JavaThread "Reference Handler" daemon [_thread_blocked, id=19220, stack(0x000000000a010000,0x000000000a110000)]

Other Threads:
=>0x0000000008ffc000 VMThread [stack: 0x000000000a130000,0x000000000a230000] [id=21548]
  0x000000000a4e6000 WatcherThread [stack: 0x000000000bd20000,0x000000000be20000] [id=7992]

VM state:at safepoint (normal execution)

VM Mutex/Monitor currently owned by a thread:  ([mutex/lock_event])
[0x000000000242e160] Threads_lock - owner thread: 0x0000000008ffc000

Heap:
 PSYoungGen      total 38400K, used 19276K [0x00000000d5c00000, 0x00000000d8680000, 0x0000000100000000)
  eden space 33280K, 57% used [0x00000000d5c00000,0x00000000d6ed30d0,0x00000000d7c80000)
  from space 5120K, 0% used [0x00000000d8180000,0x00000000d8180000,0x00000000d8680000)
  to   space 5120K, 0% used [0x00000000d7c80000,0x00000000d7c80000,0x00000000d8180000)
 ParOldGen       total 87552K, used 0K [0x0000000081400000, 0x0000000086980000, 0x00000000d5c00000)
  object space 87552K, 0% used [0x0000000081400000,0x0000000081400000,0x0000000086980000)
 Metaspace       used 13072K, capacity 13290K, committed 13440K, reserved 1060864K
  class space    used 1517K, capacity 1609K, committed 1664K, reserved 1048576K

Card table byte_map: [0x0000000003750000,0x0000000003b50000] byte_map_base: 0x0000000003346000

Marking Bits: (ParMarkBitMap*) 0x0000000002c4c720
 Begin Bits: [0x0000000004310000, 0x00000000062c0000)
 End Bits:   [0x00000000062c0000, 0x0000000008270000)

Polling page: 0x0000000000340000

CodeCache: size=245760Kb used=2961Kb max_used=2961Kb free=242798Kb
 bounds [0x000000000f010000, 0x000000000f300000, 0x000000001e010000]
 total_blobs=1364 nmethods=872 adapters=413
 compilation: enabled

Compilation events (10 events):
Event: 9.700 Thread 0x000000000a45f000  868   !   3       java.lang.StringCoding::decode (120 bytes)
Event: 9.701 Thread 0x000000000a437000  871       4       java.lang.Integer::hashCode (8 bytes)
Event: 9.702 Thread 0x000000000a437000 nmethod 871 0x000000000f2a0850 code [0x000000000f2a0980, 0x000000000f2a09d8]
Event: 9.705 Thread 0x000000000a45f000 nmethod 868 0x000000000f2f5450 code [0x000000000f2f57a0, 0x000000000f2f7238]
Event: 9.705 Thread 0x000000000a45f000  869       3       java.lang.StringCoding::safeTrim (24 bytes)
Event: 9.706 Thread 0x000000000a45f000 nmethod 869 0x000000000f2efc50 code [0x000000000f2efde0, 0x000000000f2f02a8]
Event: 9.706 Thread 0x000000000a45f000  870       3       java.lang.StringCoding::access$100 (8 bytes)
Event: 9.707 Thread 0x000000000a45f000 nmethod 870 0x000000000f2f4b10 code [0x000000000f2f4ca0, 0x000000000f2f51c8]
Event: 9.707 Thread 0x000000000a45f000  872       3       java.lang.String::<init> (38 bytes)
Event: 9.708 Thread 0x000000000a45f000 nmethod 872 0x000000000f2f4490 code [0x000000000f2f4620, 0x000000000f2f4988]

GC Heap History (0 events):
No events

Deoptimization events (10 events):
Event: 2.706 Thread 0x000000000be98000 Uncommon trap: reason=class_check action=maybe_recompile pc=0x000000000f19a004 method=java.lang.String.equals(Ljava/lang/Object;)Z @ 8
Event: 2.706 Thread 0x000000000be98000 Uncommon trap: reason=class_check action=maybe_recompile pc=0x000000000f19a004 method=java.lang.String.equals(Ljava/lang/Object;)Z @ 8
Event: 2.880 Thread 0x000000000be98000 Uncommon trap: reason=class_check action=maybe_recompile pc=0x000000000f19a004 method=java.lang.String.equals(Ljava/lang/Object;)Z @ 8
Event: 2.880 Thread 0x000000000be98000 Uncommon trap: reason=class_check action=maybe_recompile pc=0x000000000f19a004 method=java.lang.String.equals(Ljava/lang/Object;)Z @ 8
Event: 9.287 Thread 0x000000000be98000 Uncommon trap: reason=bimorphic action=maybe_recompile pc=0x000000000f252a7c method=java.util.HashMap.getNode(ILjava/lang/Object;)Ljava/util/HashMap$Node; @ 126
Event: 9.287 Thread 0x000000000be98000 Uncommon trap: reason=bimorphic action=maybe_recompile pc=0x000000000f252a7c method=java.util.HashMap.getNode(ILjava/lang/Object;)Ljava/util/HashMap$Node; @ 126
Event: 9.288 Thread 0x000000000be98000 Uncommon trap: reason=bimorphic action=maybe_recompile pc=0x000000000f252a7c method=java.util.HashMap.getNode(ILjava/lang/Object;)Ljava/util/HashMap$Node; @ 126
Event: 9.288 Thread 0x000000000be98000 Uncommon trap: reason=bimorphic action=maybe_recompile pc=0x000000000f252a7c method=java.util.HashMap.getNode(ILjava/lang/Object;)Ljava/util/HashMap$Node; @ 126
Event: 9.689 Thread 0x000000000be98000 Uncommon trap: reason=unstable_if action=reinterpret pc=0x000000000f2b0f7c method=java.util.HashMap.getNode(ILjava/lang/Object;)Ljava/util/HashMap$Node; @ 62
Event: 9.689 Thread 0x000000000be98000 Uncommon trap: reason=unstable_if action=reinterpret pc=0x000000000f291990 method=java.util.HashMap.getNode(ILjava/lang/Object;)Ljava/util/HashMap$Node; @ 62

Internal exceptions (10 events):
Event: 0.095 Thread 0x0000000002289000 Exception <a 'java/lang/NoSuchMethodError': Method sun.misc.Unsafe.prefetchRead(Ljava/lang/Object;J)V name or signature does not match> (0x00000000d5c07f90) thrown at [C:\re\workspace\8-2-build-windows-amd64-cygwin\jdk8u131\8869\hotspot\src\share\vm\prims
Event: 0.440 Thread 0x0000000002289000 Exception <a 'java/security/PrivilegedActionException'> (0x00000000d5ca0208) thrown at [C:\re\workspace\8-2-build-windows-amd64-cygwin\jdk8u131\8869\hotspot\src\share\vm\prims\jvm.cpp, line 1390]
Event: 0.441 Thread 0x0000000002289000 Exception <a 'java/security/PrivilegedActionException'> (0x00000000d5ca0418) thrown at [C:\re\workspace\8-2-build-windows-amd64-cygwin\jdk8u131\8869\hotspot\src\share\vm\prims\jvm.cpp, line 1390]
Event: 0.443 Thread 0x0000000002289000 Exception <a 'java/security/PrivilegedActionException'> (0x00000000d5ca4328) thrown at [C:\re\workspace\8-2-build-windows-amd64-cygwin\jdk8u131\8869\hotspot\src\share\vm\prims\jvm.cpp, line 1390]
Event: 0.443 Thread 0x0000000002289000 Exception <a 'java/security/PrivilegedActionException'> (0x00000000d5ca4538) thrown at [C:\re\workspace\8-2-build-windows-amd64-cygwin\jdk8u131\8869\hotspot\src\share\vm\prims\jvm.cpp, line 1390]
Event: 0.451 Thread 0x0000000002289000 Exception <a 'java/io/FileNotFoundException'> (0x00000000d5df37c8) thrown at [C:\re\workspace\8-2-build-windows-amd64-cygwin\jdk8u131\8869\hotspot\src\share\vm\prims\jni.cpp, line 709]
Event: 0.577 Thread 0x0000000002289000 Exception <a 'java/lang/NoSuchFieldError': method resolution failed> (0x00000000d5ec1a28) thrown at [C:\re\workspace\8-2-build-windows-amd64-cygwin\jdk8u131\8869\hotspot\src\share\vm\prims\methodHandles.cpp, line 1146]
Event: 0.589 Thread 0x0000000002289000 Exception <a 'java/lang/NoSuchFieldError': method resolution failed> (0x00000000d5ecedf8) thrown at [C:\re\workspace\8-2-build-windows-amd64-cygwin\jdk8u131\8869\hotspot\src\share\vm\prims\methodHandles.cpp, line 1146]
Event: 0.804 Thread 0x000000000be98000 Exception <a 'java/io/FileNotFoundException'> (0x00000000d613ffd8) thrown at [C:\re\workspace\8-2-build-windows-amd64-cygwin\jdk8u131\8869\hotspot\src\share\vm\prims\jni.cpp, line 709]
Event: 0.877 Thread 0x000000000be98000 Implicit null exception at 0x000000000f183c0e to 0x000000000f183e7d

Events (10 events):
Event: 119.763 Executing nested VM operation: Deoptimize
Event: 119.763 Executing nested VM operation: Deoptimize done
Event: 119.763 Executing VM operation: EnterInterpOnlyMode done
Event: 119.763 Executing VM operation: GetCurrentLocation
Event: 119.763 Executing VM operation: GetCurrentLocation done
Event: 119.763 Executing VM operation: ChangeSingleStep
Event: 119.763 Executing VM operation: ChangeSingleStep done
Event: 119.766 Executing VM operation: ChangeSingleStep
Event: 119.766 Executing VM operation: ChangeSingleStep done
Event: 122.954 Executing VM operation: GetOrSetLocal


Dynamic libraries:
0x000000013fa50000 - 0x000000013fa87000 	C:\Program Files\Java\jdk1.8.0_131\bin\javaw.exe
0x00000000776a0000 - 0x000000007783f000 	C:\Windows\SYSTEM32\ntdll.dll
0x0000000077480000 - 0x000000007759f000 	C:\Windows\system32\kernel32.dll
0x000007fefd3f0000 - 0x000007fefd45a000 	C:\Windows\system32\KERNELBASE.dll
0x000007fefd940000 - 0x000007fefda1b000 	C:\Windows\system32\ADVAPI32.dll
0x000007feff8a0000 - 0x000007feff93f000 	C:\Windows\system32\msvcrt.dll
0x000007feff6e0000 - 0x000007feff6ff000 	C:\Windows\SYSTEM32\sechost.dll
0x000007feff5a0000 - 0x000007feff6cd000 	C:\Windows\system32\RPCRT4.dll
0x00000000775a0000 - 0x000000007769a000 	C:\Windows\system32\USER32.dll
0x000007feff7a0000 - 0x000007feff807000 	C:\Windows\system32\GDI32.dll
0x000007feff6d0000 - 0x000007feff6de000 	C:\Windows\system32\LPK.dll
0x000007fefe9e0000 - 0x000007fefeaab000 	C:\Windows\system32\USP10.dll
0x000007fefbae0000 - 0x000007fefbcd4000 	C:\Windows\WinSxS\amd64_microsoft.windows.common-controls_6595b64144ccf1df_6.0.7601.18837_none_fa3b1e3d17594757\COMCTL32.dll
0x000007fefef60000 - 0x000007fefefd1000 	C:\Windows\system32\SHLWAPI.dll
0x000007fefd600000 - 0x000007fefd62e000 	C:\Windows\system32\IMM32.DLL
0x000007fefd630000 - 0x000007fefd739000 	C:\Windows\system32\MSCTF.dll
0x000007fefd170000 - 0x000007fefd1a2000 	C:\Windows\system32\nvinitx.dll
0x000007fefd160000 - 0x000007fefd16c000 	C:\Windows\system32\VERSION.dll
0x000000000f000000 - 0x000000000f006000 	C:\Program Files\NVIDIA Corporation\CoProcManager\detoured.dll
0x000007fef0a00000 - 0x000007fef0a32000 	C:\Program Files\NVIDIA Corporation\CoProcManager\nvd3d9wrapx.dll
0x000007fefeab0000 - 0x000007fefec87000 	C:\Windows\system32\SETUPAPI.dll
0x000007fefd480000 - 0x000007fefd4b6000 	C:\Windows\system32\CFGMGR32.dll
0x000007feff4c0000 - 0x000007feff59a000 	C:\Windows\system32\OLEAUT32.dll
0x000007fefd740000 - 0x000007fefd93d000 	C:\Windows\system32\ole32.dll
0x000007fefd460000 - 0x000007fefd47a000 	C:\Windows\system32\DEVOBJ.dll
0x000007fef09d0000 - 0x000007fef09f2000 	C:\Program Files\NVIDIA Corporation\CoProcManager\nvdxgiwrapx.dll
0x0000000073780000 - 0x00000000737b9000 	C:\PROGRA~2\Sophos\SOPHOS~1\SOPHOS~2.DLL
0x0000000077840000 - 0x0000000077847000 	C:\Windows\system32\PSAPI.DLL
0x0000000078d30000 - 0x0000000078e02000 	C:\Program Files\Java\jdk1.8.0_131\jre\bin\msvcr100.dll
0x0000000002430000 - 0x0000000002ccc000 	C:\Program Files\Java\jdk1.8.0_131\jre\bin\server\jvm.dll
0x000007fef7f30000 - 0x000007fef7f39000 	C:\Windows\system32\WSOCK32.dll
0x000007feff940000 - 0x000007feff98d000 	C:\Windows\system32\WS2_32.dll
0x000007feff890000 - 0x000007feff898000 	C:\Windows\system32\NSI.dll
0x000007fefac70000 - 0x000007fefacab000 	C:\Windows\system32\WINMM.dll
0x000000006dc00000 - 0x000000006dc0f000 	C:\Program Files\Java\jdk1.8.0_131\jre\bin\verify.dll
0x000000006d790000 - 0x000000006d7b9000 	C:\Program Files\Java\jdk1.8.0_131\jre\bin\java.dll
0x000000006ccf0000 - 0x000000006cd25000 	C:\Program Files\Java\jdk1.8.0_131\jre\bin\jdwp.dll
0x0000000077bb0000 - 0x0000000077bb8000 	C:\Program Files\Java\jdk1.8.0_131\jre\bin\npt.dll
0x000000006d9d0000 - 0x000000006d9e6000 	C:\Program Files\Java\jdk1.8.0_131\jre\bin\zip.dll
0x000007fefdbb0000 - 0x000007fefe93b000 	C:\Windows\system32\SHELL32.dll
0x000007fefd250000 - 0x000007fefd25f000 	C:\Windows\system32\profapi.dll
0x0000000002100000 - 0x0000000002109000 	C:\Program Files\Java\jdk1.8.0_131\jre\bin\dt_socket.dll
0x000007fefad60000 - 0x000007fefad75000 	C:\Windows\system32\NLAapi.dll
0x000007fef7ff0000 - 0x000007fef8005000 	C:\Windows\system32\napinsp.dll
0x000007fef8300000 - 0x000007fef8319000 	C:\Windows\system32\pnrpnsp.dll
0x000007fefca40000 - 0x000007fefca95000 	C:\Windows\System32\mswsock.dll
0x000007fefc6e0000 - 0x000007fefc73b000 	C:\Windows\system32\DNSAPI.dll
0x000007fef82f0000 - 0x000007fef82fb000 	C:\Windows\System32\winrnr.dll
0x000007fef7fe0000 - 0x000007fef7ff0000 	C:\Windows\system32\wshbth.dll
0x0000000072f80000 - 0x0000000072fa6000 	C:\Program Files\Bonjour\mdnsNSP.dll
0x000007fefc0a0000 - 0x000007fefc0c7000 	C:\Windows\system32\Iphlpapi.DLL
0x000007fefc4e0000 - 0x000007fefc4eb000 	C:\Windows\system32\WINNSI.DLL
0x000007fef9920000 - 0x000007fef9973000 	C:\Windows\System32\fwpuclnt.dll
0x000007fef8350000 - 0x000007fef8358000 	C:\Windows\system32\rasadhlp.dll
0x000007fefc340000 - 0x000007fefc36d000 	C:\ProgramData\Sophos\Web Intelligence\swi_ifslsp_64.dll
0x000007fefc330000 - 0x000007fefc337000 	C:\Windows\System32\wshtcpip.dll
0x000000006d0e0000 - 0x000000006d278000 	C:\Program Files\Java\jdk1.8.0_131\jre\bin\awt.dll
0x000007fefbf30000 - 0x000007fefbf86000 	C:\Windows\system32\uxtheme.dll
0x0000000002cd0000 - 0x0000000002ce2000 	C:\Program Files\Logitech\SetPoint\lgscroll.dll
0x00000000711a0000 - 0x0000000071269000 	C:\Windows\WinSxS\amd64_microsoft.vc80.crt_1fc8b3b9a1e18e3b_8.0.50727.6195_none_88e41e092fab0294\MSVCR80.dll
0x000007fefb0f0000 - 0x000007fefb11d000 	C:\Windows\system32\ntmarta.dll
0x000007feff460000 - 0x000007feff4b2000 	C:\Windows\system32\WLDAP32.dll
0x000007fefb5e0000 - 0x000007fefb5f8000 	C:\Windows\system32\dwmapi.dll
0x000007fefcff0000 - 0x000007fefcfff000 	C:\Windows\system32\CRYPTBASE.dll
0x000007fee6e30000 - 0x000007fee6f4d000 	C:\Windows\system32\opengl32.dll
0x000007fee82b0000 - 0x000007fee82dd000 	C:\Windows\system32\GLU32.dll
0x000007fee6d30000 - 0x000007fee6e21000 	C:\Windows\system32\DDRAW.dll
0x000007fef19f0000 - 0x000007fef19f8000 	C:\Windows\system32\DCIMAN32.dll
0x000000006d280000 - 0x000000006d2c7000 	C:\Program Files\Java\jdk1.8.0_131\jre\bin\fontmanager.dll
0x000007feff700000 - 0x000007feff799000 	C:\Windows\system32\CLBCatQ.DLL
0x000007fefb430000 - 0x000007fefb591000 	C:\Windows\system32\WindowsCodecs.dll
0x000007fefd000000 - 0x000007fefd057000 	C:\Windows\system32\apphelp.dll
0x000007feeefc0000 - 0x000007feef01b000 	C:\Program Files (x86)\Dropbox\Client\DropboxExt64.24.0.dll
0x000007fef6540000 - 0x000007fef6543000 	C:\Windows\system32\api-ms-win-core-synch-l1-2-0.DLL
0x000007fefb600000 - 0x000007fefb72c000 	C:\Windows\system32\propsys.dll
0x000007fefa440000 - 0x000007fefa45f000 	C:\Windows\system32\thumbcache.dll
0x000007feee680000 - 0x000007feee6eb000 	C:\Windows\system32\PhotoMetadataHandler.dll
0x000007feef1b0000 - 0x000007feef1ef000 	C:\Users\el00\AppData\Local\Microsoft\SkyDrive\17.3.1171.0714\amd64\SkyDriveShell64.dll
0x000007fee99f0000 - 0x000007fee9a97000 	C:\Users\el00\AppData\Local\Microsoft\SkyDrive\17.3.1171.0714\amd64\MSVCP110.dll
0x000007fee9920000 - 0x000007fee99ee000 	C:\Users\el00\AppData\Local\Microsoft\SkyDrive\17.3.1171.0714\amd64\MSVCR110.dll
0x000007fefefe0000 - 0x000007feff437000 	C:\Windows\system32\WININET.dll
0x000007fefd5b0000 - 0x000007fefd5b4000 	C:\Windows\system32\api-ms-win-downlevel-user32-l1-1-0.dll
0x000007fefd260000 - 0x000007fefd264000 	C:\Windows\system32\api-ms-win-downlevel-shlwapi-l1-1-0.dll
0x000007fefd4f0000 - 0x000007fefd4f4000 	C:\Windows\system32\api-ms-win-downlevel-version-l1-1-0.dll
0x000007fefd500000 - 0x000007fefd503000 	C:\Windows\system32\api-ms-win-downlevel-normaliz-l1-1-0.dll
0x0000000077850000 - 0x0000000077853000 	C:\Windows\system32\normaliz.DLL
0x000007fefec90000 - 0x000007fefef5a000 	C:\Windows\system32\iertutil.dll
0x000007fefd270000 - 0x000007fefd275000 	C:\Windows\system32\api-ms-win-downlevel-advapi32-l1-1-0.dll
0x000007fefd4d0000 - 0x000007fefd4ee000 	C:\Windows\system32\USERENV.dll
0x0000000002e00000 - 0x0000000002e1a000 	C:\Program Files\Java\jdk1.8.0_131\jre\bin\net.dll
0x000007fefca30000 - 0x000007fefca37000 	C:\Windows\System32\wship6.dll
0x000000006fa00000 - 0x000000006fa11000 	C:\Program Files\Java\jdk1.8.0_131\jre\bin\nio.dll
0x0000000070560000 - 0x00000000705a2000 	C:\Program Files\Java\jdk1.8.0_131\jre\bin\t2k.dll

VM Arguments:
jvm_args: -agentlib:jdwp=transport=dt_socket,suspend=y,address=localhost:64783 -Dfile.encoding=Cp1252 
java_command: WB.mainWindowStart
java_class_path (initial): D:\JAVA_JURGEN\control_of_proper_use_workbony\bin;D:\JAVA_JURGEN\biblioteki\iText7-7.0.0\itext7-barcodes-7.0.0.jar;D:\JAVA_JURGEN\biblioteki\iText7-7.0.0\itext7-barcodes-7.0.0-javadoc.jar;D:\JAVA_JURGEN\biblioteki\iText7-7.0.0\itext7-barcodes-7.0.0-sources.jar;D:\JAVA_JURGEN\biblioteki\iText7-7.0.0\itext7-font-asian-7.0.0.jar;D:\JAVA_JURGEN\biblioteki\iText7-7.0.0\itext7-font-asian-7.0.0-javadoc.jar;D:\JAVA_JURGEN\biblioteki\iText7-7.0.0\itext7-forms-7.0.0.jar;D:\JAVA_JURGEN\biblioteki\iText7-7.0.0\itext7-forms-7.0.0-javadoc.jar;D:\JAVA_JURGEN\biblioteki\iText7-7.0.0\itext7-forms-7.0.0-sources.jar;D:\JAVA_JURGEN\biblioteki\iText7-7.0.0\itext7-hyph-7.0.0.jar;D:\JAVA_JURGEN\biblioteki\iText7-7.0.0\itext7-hyph-7.0.0-javadoc.jar;D:\JAVA_JURGEN\biblioteki\iText7-7.0.0\itext7-io-7.0.0.jar;D:\JAVA_JURGEN\biblioteki\iText7-7.0.0\itext7-io-7.0.0-javadoc.jar;D:\JAVA_JURGEN\biblioteki\iText7-7.0.0\itext7-io-7.0.0-sources.jar;D:\JAVA_JURGEN\biblioteki\iText7-7.0.0\itext7-kernel-7.0.0.jar;D:\JAVA_JURGEN\biblioteki\iText7-7.0.0\itext7-kernel-7.0.0-javadoc.jar;D:\JAVA_JURGEN\biblioteki\iText7-7.0.0\itext7-kernel-7.0.0-sources.jar;D:\JAVA_JURGEN\biblioteki\iText7-7.0.0\itext7-layout-7.0.0.jar;D:\JAVA_JURGEN\biblioteki\iText7-7.0.0\itext7-layout-7.0.0-javadoc.jar;D:\JAVA_JURGEN\biblioteki\iText7-7.0.0\itext7-layout-7.0.0-sources.jar;D:\JAVA_JURGEN\biblioteki\iText7-7.0.0\itext7-pdfa-7.0.0.jar;D:\JAVA_JURGEN\biblioteki\iText7-7.0.0\itext7-pdfa-7.0.0-javadoc.jar;D:\JAVA_JURGEN\biblioteki\iText7-7.0.0\itext7-pdfa-7.0.0-sources.jar;D:\JAVA_JURGEN\biblioteki\iText7-7.0.0\itext7-pdftest-7.0.0.jar;D:\JAVA_JURGEN\biblioteki\iText7-7.0.0\itext7-pdftest-7.0.0-javadoc.jar;D:\JAVA_JURGEN\biblioteki\iText7-7.0.0\itext7-pdftest-7.0.0-sources.jar;D:\JAVA_JURGEN\biblioteki\iText7-7.0.0\itext7-sign-7.0.0.jar;D:\JAVA_JURGEN\biblioteki\iText7-7.0.0\itext7-sign-7.0.0-javadoc.jar;D:\JAVA_JURGEN\biblioteki\iText7-7.0.0\itext7-sign-7.0.0-sources.jar;D:\JAVA_JURGEN\biblioteki\i
Launcher Type: SUN_STANDARD

Environment Variables:
PATH=C:\Program Files\Java\jdk1.8.0_131\jre\bin;C:/Program Files/Java/jdk1.8.0_131/bin/../jre/bin/server;C:/Program Files/Java/jdk1.8.0_131/bin/../jre/bin;C:/Program Files/Java/jdk1.8.0_131/bin/../jre/lib/amd64;C:\Windows;C:\Windows;C:\Program Files (x86)\Common Files\Oracle\Java\javapath;C:\Program Files\Common Files\Siemens\Automation\Simatic OAM\bin;C:\ProgramData\Oracle\Java\javapath;C:\Program Files (x86)\NVIDIA Corporation\PhysX\Common;C:\Program Files (x86)\Intel\iCLS Client\;C:\Program Files\Intel\iCLS Client\;C:\Windows\system32;C:\Windows;C:\Windows\System32\Wbem;C:\Windows\System32\WindowsPowerShell\v1.0\;C:\Program Files\Intel\WiFi\bin\;C:\Program Files\Common Files\Intel\WirelessCommon\;C:\Program Files\Intel\Intel(R) Management Engine Components\DAL;C:\Program Files\Intel\Intel(R) Management Engine Components\IPT;C:\Program Files (x86)\Intel\Intel(R) Management Engine Components\DAL;C:\Program Files (x86)\Intel\Intel(R) Management Engine Components\IPT;C:\Program Files (x86)\Microsoft SQL Server\100\Tools\Binn\;C:\Program Files (x86)\Microsoft SQL Server\100\DTS\Binn\;C:\Users\el00\java-neon\eclipse;
USERNAME=el00
OS=Windows_NT
PROCESSOR_IDENTIFIER=Intel64 Family 6 Model 60 Stepping 3, GenuineIntel



---------------  S Y S T E M  ---------------

OS: Windows 7 , 64 bit Build 7601 (6.1.7601.24214)

CPU:total 4 (initial active 4) (2 cores per cpu, 2 threads per core) family 6 model 60 stepping 3, cmov, cx8, fxsr, mmx, sse, sse2, sse3, ssse3, sse4.1, sse4.2, popcnt, avx, avx2, aes, clmul, erms, lzcnt, ht, tsc, tscinvbit, bmi1, bmi2

Memory: 4k page, physical 8305180k(1771372k free), swap 16608460k(5660644k free)

vm_info: Java HotSpot(TM) 64-Bit Server VM (25.131-b11) for windows-amd64 JRE (1.8.0_131-b11), built on Mar 15 2017 01:23:53 by "java_re" with MS VC++ 10.0 (VS2010)

time: Fri Sep 14 10:33:04 2018
elapsed time: 123 seconds (0d 0h 2m 3s)

